Flow report for SingleCycleOne
Mon May 09 16:40:07 2016
Quartus II 32-bit Version 13.0.1 Build 232 06/12/2013 Service Pack 1 SJ Web Edition


---------------------
; Table of Contents ;
---------------------
  1. Legal Notice
  2. Flow Summary
  3. Flow Settings
  4. Flow Non-Default Global Settings
  5. Flow Elapsed Time
  6. Flow OS Summary
  7. Flow Log
  8. Flow Messages
  9. Flow Suppressed Messages



----------------
; Legal Notice ;
----------------
Copyright (C) 1991-2013 Altera Corporation
Your use of Altera Corporation's design tools, logic functions 
and other software and tools, and its AMPP partner logic 
functions, and any output files from any of the foregoing 
(including device programming or simulation files), and any 
associated documentation or information are expressly subject 
to the terms and conditions of the Altera Program License 
Subscription Agreement, Altera MegaCore Function License 
Agreement, or other applicable license agreement, including, 
without limitation, that your use is for the sole purpose of 
programming logic devices manufactured by Altera and sold by 
Altera or its authorized distributors.  Please refer to the 
applicable agreement for further details.



+--------------------------------------------------------------------------------------+
; Flow Summary                                                                         ;
+------------------------------------+-------------------------------------------------+
; Flow Status                        ; Successful - Mon May 09 16:40:07 2016           ;
; Quartus II 32-bit Version          ; 13.0.1 Build 232 06/12/2013 SP 1 SJ Web Edition ;
; Revision Name                      ; SingleCycleOne                                  ;
; Top-level Entity Name              ; Instruction_man                                 ;
; Family                             ; Cyclone II                                      ;
; Device                             ; EP2C35F672C6                                    ;
; Timing Models                      ; Final                                           ;
; Total logic elements               ; 295 / 33,216 ( < 1 % )                          ;
;     Total combinational functions  ; 295 / 33,216 ( < 1 % )                          ;
;     Dedicated logic registers      ; 47 / 33,216 ( < 1 % )                           ;
; Total registers                    ; 47                                              ;
; Total pins                         ; 168 / 475 ( 35 % )                              ;
; Total virtual pins                 ; 0                                               ;
; Total memory bits                  ; 2,048 / 483,840 ( < 1 % )                       ;
; Embedded Multiplier 9-bit elements ; 0 / 70 ( 0 % )                                  ;
; Total PLLs                         ; 0 / 4 ( 0 % )                                   ;
+------------------------------------+-------------------------------------------------+


+-----------------------------------------+
; Flow Settings                           ;
+-------------------+---------------------+
; Option            ; Setting             ;
+-------------------+---------------------+
; Start date & time ; 05/09/2016 16:39:25 ;
; Main task         ; Compilation         ;
; Revision Name     ; SingleCycleOne      ;
+-------------------+---------------------+


+-------------------------------------------------------------------------------------------------------------------------+
; Flow Non-Default Global Settings                                                                                        ;
+-------------------------------------+-------------------------------+----------------+-----------------+----------------+
; Assignment Name                     ; Value                         ; Default Value  ; Entity Name     ; Section Id     ;
+-------------------------------------+-------------------------------+----------------+-----------------+----------------+
; COMPILER_SIGNATURE_ID               ; 8796750154959.146282636501776 ; --             ; --              ; --             ;
; EDA_GENERATE_FUNCTIONAL_NETLIST     ; On                            ; --             ; --              ; eda_simulation ;
; EDA_OUTPUT_DATA_FORMAT              ; Verilog Hdl                   ; --             ; --              ; eda_simulation ;
; EDA_SIMULATION_TOOL                 ; ModelSim-Altera (Verilog)     ; <None>         ; --              ; --             ;
; PARTITION_COLOR                     ; 16764057                      ; --             ; Instruction_man ; Top            ;
; PARTITION_FITTER_PRESERVATION_LEVEL ; PLACEMENT_AND_ROUTING         ; --             ; Instruction_man ; Top            ;
; PARTITION_NETLIST_TYPE              ; SOURCE                        ; --             ; Instruction_man ; Top            ;
; PROJECT_OUTPUT_DIRECTORY            ; output_files                  ; --             ; --              ; --             ;
; TOP_LEVEL_ENTITY                    ; Instruction_man               ; SingleCycleOne ; --              ; --             ;
+-------------------------------------+-------------------------------+----------------+-----------------+----------------+


+-------------------------------------------------------------------------------------------------------------------------------+
; Flow Elapsed Time                                                                                                             ;
+---------------------------+--------------+-------------------------+---------------------+------------------------------------+
; Module Name               ; Elapsed Time ; Average Processors Used ; Peak Virtual Memory ; Total CPU Time (on all processors) ;
+---------------------------+--------------+-------------------------+---------------------+------------------------------------+
; Analysis & Synthesis      ; 00:00:08     ; 1.0                     ; 356 MB              ; 00:00:07                           ;
; Fitter                    ; 00:00:23     ; 1.0                     ; 447 MB              ; 00:00:23                           ;
; Assembler                 ; 00:00:04     ; 1.0                     ; 325 MB              ; 00:00:04                           ;
; TimeQuest Timing Analyzer ; 00:00:02     ; 1.0                     ; 294 MB              ; 00:00:02                           ;
; EDA Netlist Writer        ; 00:00:01     ; 1.0                     ; 272 MB              ; 00:00:01                           ;
; Total                     ; 00:00:38     ; --                      ; --                  ; 00:00:37                           ;
+---------------------------+--------------+-------------------------+---------------------+------------------------------------+


+-----------------------------------------------------------------------------------------+
; Flow OS Summary                                                                         ;
+---------------------------+------------------+------------+------------+----------------+
; Module Name               ; Machine Hostname ; OS Name    ; OS Version ; Processor type ;
+---------------------------+------------------+------------+------------+----------------+
; Analysis & Synthesis      ; bertof-uv1n7hy0  ; Windows XP ; 5.1        ; i2186          ;
; Fitter                    ; bertof-uv1n7hy0  ; Windows XP ; 5.1        ; i2186          ;
; Assembler                 ; bertof-uv1n7hy0  ; Windows XP ; 5.1        ; i2186          ;
; TimeQuest Timing Analyzer ; bertof-uv1n7hy0  ; Windows XP ; 5.1        ; i2186          ;
; EDA Netlist Writer        ; bertof-uv1n7hy0  ; Windows XP ; 5.1        ; i2186          ;
+---------------------------+------------------+------------+------------+----------------+


------------
; Flow Log ;
------------
quartus_map --read_settings_files=on --write_settings_files=off SingleCycleOne -c SingleCycleOne
quartus_fit --read_settings_files=off --write_settings_files=off SingleCycleOne -c SingleCycleOne
quartus_asm --read_settings_files=off --write_settings_files=off SingleCycleOne -c SingleCycleOne
quartus_sta SingleCycleOne -c SingleCycleOne
quartus_eda --read_settings_files=off --write_settings_files=off SingleCycleOne -c SingleCycleOne



